[art-template.ru/vcard1/dark/about.html]
[backblue.gif]
[fade.gif]
[index.html]
[art-template.ru/assets/images/social.jpg]
[art-template.ru/vcard1/assets/images/social.jpg]
[art-template.ru/vcard1/assets/images/favicons/apple-touch-icon-144x144.png]
[art-template.ru/vcard1/assets/images/favicons/apple-touch-icon-114x114.png]
[art-template.ru/vcard1/assets/images/favicons/apple-touch-icon-72x72.png]
[art-template.ru/vcard1/assets/images/favicons/apple-touch-icon-57x57.png]
[art-template.ru/vcard1/assets/images/favicons/favicon.png]
[art-template.ru/vcard1/assets/styles/style.css]
[art-template.ru/vcard1/assets/styles/style-dark.css]
[art-template.ru/vcard1/assets/demo/style-demo.css]
[art-template.ru/vcard1/assets/img/avatar-1.jpg]
[art-template.ru/vcard1/dark/resume.html]
[art-template.ru/vcard1/dark/portfolio.html]
[art-template.ru/vcard1/dark/blog.html]
[art-template.ru/vcard1/dark/contact.html]
[art-template.ru/vcard1/assets/img/avatar-2.jpg]
[art-template.ru/vcard1/assets/img/avatar-3.jpg]
[art-template.ru/vcard1/assets/img/avatar-4.jpg]
[art-template.ru/vcard1/assets/img/avatar-5.jpg]
[art-template.ru/vcard1/dark/one-page.html]
[art-template.ru/vcard1/dark/menu_alternative/about.html]
[art-template.ru/vcard1/assets/js/jquery-3.4.1.min.js]
[art-template.ru/vcard1/assets/js/common.js]
[art-template.ru/vcard1/assets/js/plugins.min.js]
[art-template.ru/vcard1/assets/demo/plugins-demo.js]
[art-template.ru/vcard1/dark/about.html]
[art-template.ru/assets/images/social.html]
[art-template.ru/vcard1/assets/images/social.html]
[art-template.ru/vcard1/assets/styles/vendors/bootstrap.min.css]
[art-template.ru/vcard1/assets/styles/vendors/swiper.min.css]
[art-template.ru/vcard1/assets/styles/vendors/simplebar.min.css]
[art-template.ru/vcard1/assets/icons/style.css]
[art-template.ru/vcard1/assets/styles/style.css]
[art-template.ru/vcard1/assets/styles/style-dark.css]
[art-template.ru/vcard1/assets/demo/style-demo.css]
[art-template.ru/vcard1/dark/resume.html]
[art-template.ru/vcard1/assets/img/image_01.jpg]
[art-template.ru/vcard1/assets/img/image_02.jpg]
[art-template.ru/vcard1/assets/img/image_03.jpg]
[art-template.ru/vcard1/assets/img/image_04.jpg]
[art-template.ru/vcard1/assets/img/image_05.jpg]
[art-template.ru/vcard1/assets/img/image_06.jpg]
[art-template.ru/vcard1/assets/img/image_07.jpg]
[art-template.ru/vcard1/assets/img/image_08.jpg]
[art-template.ru/vcard1/assets/img/image_09.jpg]
[art-template.ru/vcard1/dark/portfolio.html]
[art-template.ru/vcard1/dark/single-post.html]
[art-template.ru/vcard1/dark/blog.html]
[api.mapbox.com/mapbox-gl-js/v1.4.1/mapbox-gl.js]
[api.mapbox.com/mapbox-gl-js/v1.4.1/mapbox-gl.css]
[art-template.ru/vcard1/assets/js/mapbox.init.js]
[art-template.ru/vcard1/dark/contact.html]
[art-template.ru/vcard1/dark/one-page.html]
[art-template.ru/vcard1/dark/background-3.html]
[art-template.ru/vcard1/dark/background-2.html]
[art-template.ru/vcard1/dark/background-5.html]
[art-template.ru/vcard1/dark/background-4.html]
[art-template.ru/vcard1/dark/menu_alternative/about.html]
[art-template.ru/vcard1/assets/styles/vendors/bootstrap.min.css]
[art-template.ru/vcard1/assets/styles/vendors/swiper.min.css]
[art-template.ru/vcard1/assets/styles/vendors/simplebar.min.css]
[art-template.ru/vcard1/assets/icons/style.css]
[art-template.ru/vcard1/assets/demo/html-5.svg]
[art-template.ru/vcard1/assets/demo/iconSideMenu.svg]
[art-template.ru/vcard1/assets/demo/iconClose.svg]
[art-template.ru/vcard1/assets/img/avatar-6.jpg]
[art-template.ru/vcard1/dark/single-post.html]
[api.mapbox.com/mapbox-gl-js/v1.4.1/mapbox-gl.css]
[art-template.ru/vcard1/assets/icons/icomoon8f82.html]
[art-template.ru/vcard1/assets/icons/icomoon8f82-2.html]
[art-template.ru/vcard1/assets/icons/icomoon8f82.svg]
